<?xml version="1.0" encoding="UTF-8"?>
<!-- Generated by org.testng.reporters.JUnitXMLReporter -->
<testsuite ignored="0" hostname="DESKTOP-T2MM1GM" failures="0" tests="12" name="Default test" time="0.145" errors="0" timestamp="2023-09-27T21:18:27 IST">
  <testcase classname="ecommerce_1.Practice" name="orderreplaced" time="0.013"/>
  <testcase classname="ecommerce_1.Practice" name="createaccount" time="0.005"/>
  <testcase classname="ecommerce_1.Practice" name="login" time="0.002"/>
  <testcase classname="ecommerce_1.Practice" name="searchproduct" time="0.003"/>
  <testcase classname="ecommerce_1.Practice" name="mensshirts" time="0.002"/>
  <testcase classname="ecommerce_1.Practice" name="blackshirt" time="0.002"/>
  <testcase classname="ecommerce_1.Practice" name="addtocart" time="0.002"/>
  <testcase classname="ecommerce_1.Practice" name="logout" time="0.002"/>
  <testcase classname="ecommerce_1.Practice" name="customerfeedback" time="0.002"/>
  <testcase classname="ecommerce_1.Practice" name="ordertracking" time="0.001"/>
  <testcase classname="ecommerce_1.Practice" name="makepayment" time="0.001"/>
  <testcase classname="ecommerce_1.Practice" name="orderplaced" time="0.001"/>
</testsuite> <!-- Default test -->
