<?xml version="1.0" encoding="UTF-8"?>
<!-- Generated by org.testng.reporters.JUnitXMLReporter -->
<testsuite ignored="1" hostname="DESKTOP-T2MM1GM" failures="0" tests="24" name="Test" time="0.331" errors="0" timestamp="2023-02-18T11:58:48 IST">
  <testcase classname="ecommerce_1.Mobiles" name="Singup" time="0.009"/>
  <testcase classname="ecommerce_1.Mobiles" name="signIn" time="0.001"/>
  <testcase classname="ecommerce_1.Mobiles" name="searchProducts" time="0.001"/>
  <testcase classname="ecommerce_1.Mobiles" name="apple14ProMax" time="0.002"/>
  <testcase classname="ecommerce_1.Mobiles" name="addToCart" time="0.005"/>
  <testcase classname="ecommerce_1.Mobiles" name="addShippingDetails" time="0.004"/>
  <testcase classname="ecommerce_1.Mobiles" name="makePayment" time="0.002"/>
  <testcase classname="ecommerce_1.Mobiles" name="orderPlaced" time="0.001"/>
  <testcase classname="ecommerce_1.Mobiles" name="returnOrder" time="0.008"/>
  <testcase classname="ecommerce_1.Mobiles" name="replaceOrder" time="0.001"/>
  <testcase classname="ecommerce_1.Mobiles" name="custumerFeedback" time="0.002"/>
  <testcase classname="ecommerce_1.SneakersForMens" name="signUp" time="0.001"/>
  <testcase classname="ecommerce_1.SneakersForMens" name="signIn" time="0.019"/>
  <testcase classname="ecommerce_1.SneakersForMens" name="searchProducts" time="0.005"/>
  <testcase classname="ecommerce_1.SneakersForMens" name="sneakersForMens" time="0.003"/>
  <testcase classname="ecommerce_1.SneakersForMens" name="addToCart" time="0.001"/>
  <testcase classname="ecommerce_1.SneakersForMens" name="addShippingDetails" time="0.002"/>
  <testcase classname="ecommerce_1.SneakersForMens" name="makePayment" time="0.001"/>
  <testcase classname="ecommerce_1.SneakersForMens" name="orderPlaced" time="0.0"/>
  <testcase classname="ecommerce_1.SneakersForMens" name="returnOrder" time="0.0"/>
  <testcase classname="ecommerce_1.SneakersForMens" name="replaceOrder" time="0.0"/>
  <testcase classname="ecommerce_1.SneakersForMens" name="makePaymentAgain" time="0.001"/>
  <testcase classname="ecommerce_1.SneakersForMens" name="custumerFeedback" time="0.002"/>
  <testcase classname="ecommerce_1.LoginFlow" name="login" time="0.01"/>
  <testcase classname="ecommerce_1.SignupFlow" name="signup" time="0.0">
    <ignored/>
  </testcase> <!-- signup -->
</testsuite> <!-- Test -->
