<?xml version="1.0" encoding="UTF-8"?>
<testng-results ignored="0" total="12" passed="12" failed="0" skipped="0">
  <reporter-output>
  </reporter-output>
  <suite started-at="2023-09-27T21:18:27 IST" name="Default suite" finished-at="2023-09-27T21:18:27 IST" duration-ms="145">
    <groups>
    </groups>
    <test started-at="2023-09-27T21:18:27 IST" name="Default test" finished-at="2023-09-27T21:18:27 IST" duration-ms="145">
      <class name="ecommerce_1.Practice">
        <test-method signature="orderreplaced()[pri:0, instance:ecommerce_1.Practice@55b53d44]" started-at="2023-09-27T21:18:27 IST" name="orderreplaced" finished-at="2023-09-27T21:18:27 IST" duration-ms="13" status="PASS">
          <reporter-output>
          </reporter-output>
        </test-method> <!-- orderreplaced -->
        <test-method signature="createaccount()[pri:1, instance:ecommerce_1.Practice@55b53d44]" started-at="2023-09-27T21:18:27 IST" name="createaccount" finished-at="2023-09-27T21:18:27 IST" duration-ms="5" status="PASS">
          <reporter-output>
          </reporter-output>
        </test-method> <!-- createaccount -->
        <test-method signature="login()[pri:2, instance:ecommerce_1.Practice@55b53d44]" started-at="2023-09-27T21:18:27 IST" name="login" finished-at="2023-09-27T21:18:27 IST" duration-ms="2" status="PASS">
          <reporter-output>
          </reporter-output>
        </test-method> <!-- login -->
        <test-method signature="searchproduct()[pri:3, instance:ecommerce_1.Practice@55b53d44]" started-at="2023-09-27T21:18:27 IST" name="searchproduct" finished-at="2023-09-27T21:18:27 IST" duration-ms="3" status="PASS">
          <reporter-output>
          </reporter-output>
        </test-method> <!-- searchproduct -->
        <test-method signature="mensshirts()[pri:4, instance:ecommerce_1.Practice@55b53d44]" started-at="2023-09-27T21:18:27 IST" name="mensshirts" finished-at="2023-09-27T21:18:27 IST" duration-ms="2" status="PASS">
          <reporter-output>
          </reporter-output>
        </test-method> <!-- mensshirts -->
        <test-method signature="blackshirt()[pri:5, instance:ecommerce_1.Practice@55b53d44]" started-at="2023-09-27T21:18:27 IST" name="blackshirt" finished-at="2023-09-27T21:18:27 IST" duration-ms="2" status="PASS">
          <reporter-output>
          </reporter-output>
        </test-method> <!-- blackshirt -->
        <test-method signature="addtocart()[pri:6, instance:ecommerce_1.Practice@55b53d44]" started-at="2023-09-27T21:18:27 IST" name="addtocart" finished-at="2023-09-27T21:18:27 IST" duration-ms="2" status="PASS">
          <reporter-output>
          </reporter-output>
        </test-method> <!-- addtocart -->
        <test-method signature="logout()[pri:7, instance:ecommerce_1.Practice@55b53d44]" started-at="2023-09-27T21:18:27 IST" name="logout" finished-at="2023-09-27T21:18:27 IST" duration-ms="2" status="PASS">
          <reporter-output>
          </reporter-output>
        </test-method> <!-- logout -->
        <test-method signature="customerfeedback()[pri:8, instance:ecommerce_1.Practice@55b53d44]" started-at="2023-09-27T21:18:27 IST" name="customerfeedback" finished-at="2023-09-27T21:18:27 IST" duration-ms="2" status="PASS">
          <reporter-output>
          </reporter-output>
        </test-method> <!-- customerfeedback -->
        <test-method signature="ordertracking()[pri:9, instance:ecommerce_1.Practice@55b53d44]" started-at="2023-09-27T21:18:27 IST" name="ordertracking" finished-at="2023-09-27T21:18:27 IST" duration-ms="1" status="PASS">
          <reporter-output>
          </reporter-output>
        </test-method> <!-- ordertracking -->
        <test-method signature="makepayment()[pri:10, instance:ecommerce_1.Practice@55b53d44]" started-at="2023-09-27T21:18:27 IST" name="makepayment" finished-at="2023-09-27T21:18:27 IST" duration-ms="1" status="PASS">
          <reporter-output>
          </reporter-output>
        </test-method> <!-- makepayment -->
        <test-method signature="orderplaced()[pri:11, instance:ecommerce_1.Practice@55b53d44]" started-at="2023-09-27T21:18:27 IST" name="orderplaced" finished-at="2023-09-27T21:18:27 IST" duration-ms="1" status="PASS">
          <reporter-output>
          </reporter-output>
        </test-method> <!-- orderplaced -->
      </class> <!-- ecommerce_1.Practice -->
    </test> <!-- Default test -->
  </suite> <!-- Default suite -->
</testng-results>
